{"uuid":"3bc6af4d-a6e4-49d6-9d0c-88624fe39171","historyId":"35c846253565c438e5a5f4169a52225f","fullName":"com.thetestingacademy.ex_27062024.jsonschemavalidation.Lab297.JSValidation","labels":[{"name":"package","value":"com.thetestingacademy.ex_27062024.jsonschemavalidation.Lab297"},{"name":"testClass","value":"com.thetestingacademy.ex_27062024.jsonschemavalidation.Lab297"},{"name":"testMethod","value":"JSValidation"},{"name":"parentSuite","value":"Default Suite"},{"name":"suite","value":"RestAssuredProject"},{"name":"subSuite","value":"com.thetestingacademy.ex_27062024.jsonschemavalidation.Lab297"},{"name":"host","value":"LAPTOP-1HLQ6KVE"},{"name":"thread","value":"27256@LAPTOP-1HLQ6KVE.main(1)"},{"name":"framework","value":"testng"},{"name":"language","value":"java"}],"links":[],"name":"JSValidation","status":"broken","statusDetails":{"known":false,"muted":false,"flaky":false,"message":"java.io.FileNotFoundException: src\\test\\resources\\schema.json (The system cannot find the path specified)","trace":"io.restassured.module.jsv.JsonSchemaValidationException: java.io.FileNotFoundException: src\\test\\resources\\schema.json (The system cannot find the path specified)\r\n\tat io.restassured.module.jsv.JsonSchemaValidator$JsonSchemaValidatorFactory.create(JsonSchemaValidator.java:286)\r\n\tat io.restassured.module.jsv.JsonSchemaValidator.matchesJsonSchema(JsonSchemaValidator.java:157)\r\n\tat com.thetestingacademy.ex_27062024.jsonschemavalidation.Lab297.JSValidation(Lab297.java:16)\r\n\tat java.base/jdk.internal.reflect.DirectMethodHandleAccessor.invoke(DirectMethodHandleAccessor.java:103)\r\n\tat java.base/java.lang.reflect.Method.invoke(Method.java:580)\r\n\tat org.testng.internal.invokers.MethodInvocationHelper.invokeMethod(MethodInvocationHelper.java:141)\r\n\tat org.testng.internal.invokers.TestInvoker.invokeMethod(TestInvoker.java:686)\r\n\tat org.testng.internal.invokers.TestInvoker.invokeTestMethod(TestInvoker.java:230)\r\n\tat org.testng.internal.invokers.MethodRunner.runInSequence(MethodRunner.java:63)\r\n\tat org.testng.internal.invokers.TestInvoker$MethodInvocationAgent.invoke(TestInvoker.java:992)\r\n\tat org.testng.internal.invokers.TestInvoker.invokeTestMethods(TestInvoker.java:203)\r\n\tat org.testng.internal.invokers.TestMethodWorker.invokeTestMethods(TestMethodWorker.java:154)\r\n\tat org.testng.internal.invokers.TestMethodWorker.run(TestMethodWorker.java:134)\r\n\tat java.base/java.util.ArrayList.forEach(ArrayList.java:1597)\r\n\tat org.testng.TestRunner.privateRun(TestRunner.java:739)\r\n\tat org.testng.TestRunner.run(TestRunner.java:614)\r\n\tat org.testng.SuiteRunner.runTest(SuiteRunner.java:421)\r\n\tat org.testng.SuiteRunner.runSequentially(SuiteRunner.java:413)\r\n\tat org.testng.SuiteRunner.privateRun(SuiteRunner.java:373)\r\n\tat org.testng.SuiteRunner.run(SuiteRunner.java:312)\r\n\tat org.testng.SuiteRunnerWorker.runSuite(SuiteRunnerWorker.java:52)\r\n\tat org.testng.SuiteRunnerWorker.run(SuiteRunnerWorker.java:95)\r\n\tat org.testng.TestNG.runSuitesSequentially(TestNG.java:1274)\r\n\tat org.testng.TestNG.runSuitesLocally(TestNG.java:1208)\r\n\tat org.testng.TestNG.runSuites(TestNG.java:1112)\r\n\tat org.testng.TestNG.run(TestNG.java:1079)\r\n\tat com.intellij.rt.testng.IDEARemoteTestNG.run(IDEARemoteTestNG.java:65)\r\n\tat com.intellij.rt.testng.RemoteTestNGStarter.main(RemoteTestNGStarter.java:105)\r\nCaused by: java.io.FileNotFoundException: src\\test\\resources\\schema.json (The system cannot find the path specified)\r\n\tat java.base/java.io.FileInputStream.open0(Native Method)\r\n\tat java.base/java.io.FileInputStream.open(FileInputStream.java:213)\r\n\tat java.base/java.io.FileInputStream.<init>(FileInputStream.java:152)\r\n\tat com.github.fge.jackson.JsonLoader.fromFile(JsonLoader.java:165)\r\n\tat io.restassured.module.jsv.JsonSchemaValidator$3.createSchemaInstance(JsonSchemaValidator.java:155)\r\n\tat io.restassured.module.jsv.JsonSchemaValidator$3.createSchemaInstance(JsonSchemaValidator.java:152)\r\n\tat io.restassured.module.jsv.JsonSchemaValidator$JsonSchemaValidatorFactory.create(JsonSchemaValidator.java:284)\r\n\t... 27 more\r\n"},"stage":"finished","steps":[],"attachments":[],"parameters":[],"start":1720102850390,"stop":1720102852831}